# JRE version: Java(TM) SE Runtime Environment (18.0.1+10) (build 18.0.1+10-24)
# Java VM: Java HotSpot(TM) 64-Bit Server VM (18.0.1+10-24, mixed mode, sharing, tiered, compressed oops, compressed class ptrs, g1 gc, windows-amd64)
GC Precious Log:
 CardTable entry size: 512
 Card Set container configuration: InlinePtr #cards 5 size 8 Array Of Cards #cards 12 size 40 Howl #buckets 4 coarsen threshold 1843 Howl Bitmap #cards 512 size 80 coarsen threshold 460 Card regions per heap region 1 cards per card region 2048
 CPUs: 2 total, 2 available
 Memory: 8092M
 Large Page Support: Disabled
 NUMA Support: Disabled
 Compressed Oops: Enabled (32-bit)
 Heap Region Size: 1M
 Heap Min Capacity: 8M
 Heap Initial Capacity: 128M
 Heap Max Capacity: 2024M
 Pre-touch: Disabled
 Parallel Workers: 2
 Concurrent Workers: 1
 Concurrent Refinement Workers: 2
 Periodic GC: Disabled
Heap:
 garbage-first heap   total 131072K, used 10103K [0x0000000081800000, 0x0000000100000000)
  region size 1024K, 5 young (5120K), 1 survivors (1024K)
 Metaspace       used 5095K, committed 5248K, reserved 1114112K
  class space    used 530K, committed 576K, reserved 1048576K
GC Heap History (6 events):
Event: 3.957 GC heap before
{Heap before GC invocations=0 (full 0):
 garbage-first heap   total 131072K, used 6144K [0x0000000081800000, 0x0000000100000000)
  region size 1024K, 6 young (6144K), 0 survivors (0K)
 Metaspace       used 826K, committed 960K, reserved 1114112K
  class space    used 52K, committed 128K, reserved 1048576K
}
Event: 3.961 GC heap after
{Heap after GC invocations=1 (full 0):
 garbage-first heap   total 131072K, used 4870K [0x0000000081800000, 0x0000000100000000)
  region size 1024K, 1 young (1024K), 1 survivors (1024K)
 Metaspace       used 826K, committed 960K, reserved 1114112K
  class space    used 52K, committed 128K, reserved 1048576K
}
Event: 4.952 GC heap before
{Heap before GC invocations=1 (full 0):
 garbage-first heap   total 131072K, used 9990K [0x0000000081800000, 0x0000000100000000)
  region size 1024K, 6 young (6144K), 1 survivors (1024K)
 Metaspace       used 2809K, committed 2944K, reserved 1114112K
  class space    used 247K, committed 320K, reserved 1048576K
}
Event: 4.956 GC heap after
{Heap after GC invocations=2 (full 0):
 garbage-first heap   total 131072K, used 6507K [0x0000000081800000, 0x0000000100000000)
  region size 1024K, 1 young (1024K), 1 survivors (1024K)
 Metaspace       used 2809K, committed 2944K, reserved 1114112K
  class space    used 247K, committed 320K, reserved 1048576K
}
Event: 5.645 GC heap before
{Heap before GC invocations=2 (full 0):
 garbage-first heap   total 131072K, used 12651K [0x0000000081800000, 0x0000000100000000)
  region size 1024K, 7 young (7168K), 1 survivors (1024K)
 Metaspace       used 4758K, committed 4928K, reserved 1114112K
  class space    used 490K, committed 576K, reserved 1048576K
}
Event: 5.650 GC heap after
{Heap after GC invocations=3 (full 0):
 garbage-first heap   total 131072K, used 7031K [0x0000000081800000, 0x0000000100000000)
  region size 1024K, 1 young (1024K), 1 survivors (1024K)
 Metaspace       used 4758K, committed 4928K, reserved 1114112K
  class space    used 490K, committed 576K, reserved 1048576K
}

