# JRE version: OpenJDK Runtime Environment OpenLogic-OpenJDK (11.0.11+9) (build 11.0.11+9-adhoc..jdk11u)
# Java VM: OpenJDK 64-Bit Server VM OpenLogic-OpenJDK (11.0.11+9-adhoc..jdk11u, mixed mode, tiered, compressed oops, g1 gc, windows-amd64)
Heap:
 garbage-first heap   total 157696K, used 21658K [0x0000000081800000, 0x0000000100000000)
  region size 1024K, 18 young (18432K), 8 survivors (8192K)
 Metaspace       used 35704K, capacity 36746K, committed 37040K, reserved 1081344K
  class space    used 4154K, capacity 4556K, committed 4608K, reserved 1048576K
GC Heap History (16 events):
Event: 0.638 GC heap before
{Heap before GC invocations=0 (full 0):
 garbage-first heap   total 131072K, used 7168K [0x0000000081800000, 0x0000000100000000)
  region size 1024K, 7 young (7168K), 0 survivors (0K)
 Metaspace       used 7250K, capacity 7379K, committed 7680K, reserved 1056768K
  class space    used 627K, capacity 670K, committed 768K, reserved 1048576K
}
Event: 0.650 GC heap after
{Heap after GC invocations=1 (full 0):
 garbage-first heap   total 131072K, used 3169K [0x0000000081800000, 0x0000000100000000)
  region size 1024K, 1 young (1024K), 1 survivors (1024K)
 Metaspace       used 7250K, capacity 7379K, committed 7680K, reserved 1056768K
  class space    used 627K, capacity 670K, committed 768K, reserved 1048576K
}
Event: 0.898 GC heap before
{Heap before GC invocations=1 (full 0):
 garbage-first heap   total 131072K, used 7265K [0x0000000081800000, 0x0000000100000000)
  region size 1024K, 6 young (6144K), 1 survivors (1024K)
 Metaspace       used 9548K, capacity 9748K, committed 9984K, reserved 1058816K
  class space    used 864K, capacity 904K, committed 1024K, reserved 1048576K
}
Event: 0.901 GC heap after
{Heap after GC invocations=2 (full 0):
 garbage-first heap   total 131072K, used 4181K [0x0000000081800000, 0x0000000100000000)
  region size 1024K, 1 young (1024K), 1 survivors (1024K)
 Metaspace       used 9548K, capacity 9748K, committed 9984K, reserved 1058816K
  class space    used 864K, capacity 904K, committed 1024K, reserved 1048576K
}
Event: 1.285 GC heap before
{Heap before GC invocations=2 (full 0):
 garbage-first heap   total 131072K, used 13397K [0x0000000081800000, 0x0000000100000000)
  region size 1024K, 11 young (11264K), 1 survivors (1024K)
 Metaspace       used 11970K, capacity 12221K, committed 12288K, reserved 1060864K
  class space    used 1152K, capacity 1222K, committed 1280K, reserved 1048576K
}
Event: 1.289 GC heap after
{Heap after GC invocations=3 (full 0):
 garbage-first heap   total 131072K, used 4893K [0x0000000081800000, 0x0000000100000000)
  region size 1024K, 2 young (2048K), 2 survivors (2048K)
 Metaspace       used 11970K, capacity 12221K, committed 12288K, reserved 1060864K
  class space    used 1152K, capacity 1222K, committed 1280K, reserved 1048576K
}
Event: 1.933 GC heap before
{Heap before GC invocations=3 (full 0):
 garbage-first heap   total 131072K, used 20253K [0x0000000081800000, 0x0000000100000000)
  region size 1024K, 17 young (17408K), 2 survivors (2048K)
 Metaspace       used 15911K, capacity 16293K, committed 16384K, reserved 1064960K
  class space    used 1618K, capacity 1759K, committed 1792K, reserved 1048576K
}
Event: 1.939 GC heap after
{Heap after GC invocations=4 (full 0):
 garbage-first heap   total 131072K, used 5806K [0x0000000081800000, 0x0000000100000000)
  region size 1024K, 2 young (2048K), 2 survivors (2048K)
 Metaspace       used 15911K, capacity 16293K, committed 16384K, reserved 1064960K
  class space    used 1618K, capacity 1759K, committed 1792K, reserved 1048576K
}
Event: 2.634 GC heap before
{Heap before GC invocations=4 (full 0):
 garbage-first heap   total 131072K, used 27310K [0x0000000081800000, 0x0000000100000000)
  region size 1024K, 25 young (25600K), 2 survivors (2048K)
 Metaspace       used 20699K, capacity 21181K, committed 21296K, reserved 1069056K
  class space    used 2194K, capacity 2374K, committed 2432K, reserved 1048576K
}
Event: 2.642 GC heap after
{Heap after GC invocations=5 (full 0):
 garbage-first heap   total 157696K, used 6619K [0x0000000081800000, 0x0000000100000000)
  region size 1024K, 3 young (3072K), 3 survivors (3072K)
 Metaspace       used 20699K, capacity 21181K, committed 21296K, reserved 1069056K
  class space    used 2194K, capacity 2374K, committed 2432K, reserved 1048576K
}
Event: 3.665 GC heap before
{Heap before GC invocations=6 (full 0):
 garbage-first heap   total 157696K, used 39387K [0x0000000081800000, 0x0000000100000000)
  region size 1024K, 36 young (36864K), 3 survivors (3072K)
 Metaspace       used 25538K, capacity 26244K, committed 26416K, reserved 1073152K
  class space    used 2849K, capacity 3102K, committed 3200K, reserved 1048576K
}
Event: 3.677 GC heap after
{Heap after GC invocations=7 (full 0):
 garbage-first heap   total 157696K, used 8426K [0x0000000081800000, 0x0000000100000000)
  region size 1024K, 5 young (5120K), 5 survivors (5120K)
 Metaspace       used 25538K, capacity 26244K, committed 26416K, reserved 1073152K
  class space    used 2849K, capacity 3102K, committed 3200K, reserved 1048576K
}
Event: 5.573 GC heap before
{Heap before GC invocations=7 (full 0):
 garbage-first heap   total 157696K, used 62698K [0x0000000081800000, 0x0000000100000000)
  region size 1024K, 58 young (59392K), 5 survivors (5120K)
 Metaspace       used 32229K, capacity 33189K, committed 33328K, reserved 1079296K
  class space    used 3720K, capacity 4104K, committed 4224K, reserved 1048576K
}
Event: 5.587 GC heap after
{Heap after GC invocations=8 (full 0):
 garbage-first heap   total 157696K, used 10968K [0x0000000081800000, 0x0000000100000000)
  region size 1024K, 7 young (7168K), 7 survivors (7168K)
 Metaspace       used 32229K, capacity 33189K, committed 33328K, reserved 1079296K
  class space    used 3720K, capacity 4104K, committed 4224K, reserved 1048576K
}
Event: 6.136 GC heap before
{Heap before GC invocations=8 (full 0):
 garbage-first heap   total 157696K, used 32472K [0x0000000081800000, 0x0000000100000000)
  region size 1024K, 29 young (29696K), 7 survivors (7168K)
 Metaspace       used 34828K, capacity 35806K, committed 35888K, reserved 1081344K
  class space    used 4029K, capacity 4443K, committed 4480K, reserved 1048576K
}
Event: 6.152 GC heap after
{Heap after GC invocations=9 (full 0):
 garbage-first heap   total 157696K, used 12442K [0x0000000081800000, 0x0000000100000000)
  region size 1024K, 8 young (8192K), 8 survivors (8192K)
 Metaspace       used 34828K, capacity 35806K, committed 35888K, reserved 1081344K
  class space    used 4029K, capacity 4443K, committed 4480K, reserved 1048576K
}

